<?xml version="1.0" encoding="UTF-8"?>
<!-- Generated by org.testng.reporters.JUnitReportReporter -->
<testsuite skipped="0" hostname="ruanyr-p1" name="com.yiyibai.TestRuntime" tests="1" failures="0" timestamp="2022-08-16T10:43:01 CST" time="0.001" errors="0">
  <testcase name="divisionWithException" time="0.001" classname="com.yiyibai.TestRuntime"/>
  <system-out/>
</testsuite> <!-- com.yiyibai.TestRuntime -->
