<?xml version="1.0" encoding="UTF-8"?>
<!-- Generated by org.testng.reporters.JUnitReportReporter -->
<testsuite skipped="0" hostname="ruanyr-p1" name="com.testcase.HttpTest" tests="1" failures="0" timestamp="2022-08-16T10:43:01 CST" time="1.385" errors="0">
  <testcase name="getTest" time="1.385" classname="com.testcase.HttpTest"/>
  <system-out/>
</testsuite> <!-- com.testcase.HttpTest -->
