<?xml version="1.0" encoding="UTF-8"?>
<!-- Generated by org.testng.reporters.JUnitReportReporter -->
<testsuite skipped="0" hostname="ruanyr-p1" name="com.testcase.TestGetApi" tests="1" failures="0" timestamp="2022-08-16T10:43:01 CST" time="21.061" errors="0">
  <testcase name="httpClientTest" time="21.061" classname="com.testcase.TestGetApi"/>
  <system-out/>
</testsuite> <!-- com.testcase.TestGetApi -->
