<?xml version="1.0" encoding="UTF-8"?>
<!-- Generated by org.testng.reporters.JUnitReportReporter -->
<testsuite skipped="0" hostname="ruanyr-p1" name="com.testcase.DBConfig" tests="1" failures="0" timestamp="2022-08-16T10:43:01 CST" time="0.003" errors="0">
  <testcase name="beforeTest" time="0.003" classname="com.testcase.DBConfig"/>
  <system-out/>
</testsuite> <!-- com.testcase.DBConfig -->
