<?xml version="1.0" encoding="UTF-8"?>
<!-- Generated by org.testng.reporters.JUnitReportReporter -->
<testsuite skipped="1" hostname="ruanyr-p1" name="com.testcase.TestDBConnection" tests="2" failures="0" timestamp="2022-08-16T10:43:01 CST" time="0.000" errors="0">
  <testcase name="runOtherTest2" time="0.000" classname="com.testcase.TestDBConnection"/>
  <system-out/>
  <testcase name="runOtherTest1" classname="com.testcase.TestDBConnection">
    <skipped/>
  </testcase> <!-- runOtherTest1 -->
  <system-out/>
</testsuite> <!-- com.testcase.TestDBConnection -->
