<?xml version="1.0" encoding="UTF-8"?>
<!-- Generated by org.testng.reporters.JUnitReportReporter -->
<testsuite skipped="0" hostname="ruanyr-p1" name="com.testcase.TestDataProvider3" tests="4" failures="0" timestamp="2022-08-16T10:43:01 CST" time="0.002" errors="0">
  <testcase name="test2" time="0.001" classname="com.testcase.TestDataProvider3"/>
  <system-out/>
  <testcase name="test1" time="0.000" classname="com.testcase.TestDataProvider3"/>
  <system-out/>
  <testcase name="test1" time="0.001" classname="com.testcase.TestDataProvider3"/>
  <system-out/>
  <testcase name="test2" time="0.000" classname="com.testcase.TestDataProvider3"/>
  <system-out/>
</testsuite> <!-- com.testcase.TestDataProvider3 -->
